Analysis & Synthesis report for Bent_Kurg_Adder
Thu Nov 09 21:39:51 2023
Quartus Prime Version 18.1.0 Build 625 09/12/2018 SJ Lite Edition


---------------------
; Table of Contents ;
---------------------
  1. Legal Notice
  2. Analysis & Synthesis Summary
  3. Analysis & Synthesis Settings
  4. Parallel Compilation
  5. Analysis & Synthesis Source Files Read
  6. Analysis & Synthesis Resource Usage Summary
  7. Analysis & Synthesis Resource Utilization by Entity
  8. General Register Statistics
  9. Port Connectivity Checks: "andgate:order_6_P_5"
 10. Post-Synthesis Netlist Statistics for Top Partition
 11. Elapsed Time Per Partition
 12. Analysis & Synthesis Messages



----------------
; Legal Notice ;
----------------
Copyright (C) 2018  Intel Corporation. All rights reserved.
Your use of Intel Corporation's design tools, logic functions 
and other software and tools, and its AMPP partner logic 
functions, and any output files from any of the foregoing 
(including device programming or simulation files), and any 
associated documentation or information are expressly subject 
to the terms and conditions of the Intel Program License 
Subscription Agreement, the Intel Quartus Prime License Agreement,
the Intel FPGA IP License Agreement, or other applicable license
agreement, including, without limitation, that your use is for
the sole purpose of programming logic devices manufactured by
Intel and sold by Intel or its authorized distributors.  Please
refer to the applicable agreement for further details.



+-------------------------------------------------------------------------------+
; Analysis & Synthesis Summary                                                  ;
+---------------------------------+---------------------------------------------+
; Analysis & Synthesis Status     ; Successful - Thu Nov 09 21:39:51 2023       ;
; Quartus Prime Version           ; 18.1.0 Build 625 09/12/2018 SJ Lite Edition ;
; Revision Name                   ; Bent_Kurg_Adder                             ;
; Top-level Entity Name           ; brent_kung                                  ;
; Family                          ; Cyclone V                                   ;
; Logic utilization (in ALMs)     ; N/A                                         ;
; Total registers                 ; 0                                           ;
; Total pins                      ; 98                                          ;
; Total virtual pins              ; 0                                           ;
; Total block memory bits         ; 0                                           ;
; Total DSP Blocks                ; 0                                           ;
; Total HSSI RX PCSs              ; 0                                           ;
; Total HSSI PMA RX Deserializers ; 0                                           ;
; Total HSSI TX PCSs              ; 0                                           ;
; Total HSSI PMA TX Serializers   ; 0                                           ;
; Total PLLs                      ; 0                                           ;
; Total DLLs                      ; 0                                           ;
+---------------------------------+---------------------------------------------+


+---------------------------------------------------------------------------------------------------------------------------+
; Analysis & Synthesis Settings                                                                                             ;
+---------------------------------------------------------------------------------+--------------------+--------------------+
; Option                                                                          ; Setting            ; Default Value      ;
+---------------------------------------------------------------------------------+--------------------+--------------------+
; Device                                                                          ; 5CGXFC7C7F23C8     ;                    ;
; Top-level entity name                                                           ; brent_kung         ; Bent_Kurg_Adder    ;
; Family name                                                                     ; Cyclone V          ; Cyclone V          ;
; Use smart compilation                                                           ; Off                ; Off                ;
; Enable parallel Assembler and Timing Analyzer during compilation                ; On                 ; On                 ;
; Enable compact report table                                                     ; Off                ; Off                ;
; Restructure Multiplexers                                                        ; Auto               ; Auto               ;
; MLAB Add Timing Constraints For Mixed-Port Feed-Through Mode Setting Don't Care ; Off                ; Off                ;
; Create Debugging Nodes for IP Cores                                             ; Off                ; Off                ;
; Preserve fewer node names                                                       ; On                 ; On                 ;
; Intel FPGA IP Evaluation Mode                                                   ; Enable             ; Enable             ;
; Verilog Version                                                                 ; Verilog_2001       ; Verilog_2001       ;
; VHDL Version                                                                    ; VHDL_1993          ; VHDL_1993          ;
; State Machine Processing                                                        ; Auto               ; Auto               ;
; Safe State Machine                                                              ; Off                ; Off                ;
; Extract Verilog State Machines                                                  ; On                 ; On                 ;
; Extract VHDL State Machines                                                     ; On                 ; On                 ;
; Ignore Verilog initial constructs                                               ; Off                ; Off                ;
; Iteration limit for constant Verilog loops                                      ; 5000               ; 5000               ;
; Iteration limit for non-constant Verilog loops                                  ; 250                ; 250                ;
; Add Pass-Through Logic to Inferred RAMs                                         ; On                 ; On                 ;
; Infer RAMs from Raw Logic                                                       ; On                 ; On                 ;
; Parallel Synthesis                                                              ; On                 ; On                 ;
; DSP Block Balancing                                                             ; Auto               ; Auto               ;
; NOT Gate Push-Back                                                              ; On                 ; On                 ;
; Power-Up Don't Care                                                             ; On                 ; On                 ;
; Remove Redundant Logic Cells                                                    ; Off                ; Off                ;
; Remove Duplicate Registers                                                      ; On                 ; On                 ;
; Ignore CARRY Buffers                                                            ; Off                ; Off                ;
; Ignore CASCADE Buffers                                                          ; Off                ; Off                ;
; Ignore GLOBAL Buffers                                                           ; Off                ; Off                ;
; Ignore ROW GLOBAL Buffers                                                       ; Off                ; Off                ;
; Ignore LCELL Buffers                                                            ; Off                ; Off                ;
; Ignore SOFT Buffers                                                             ; On                 ; On                 ;
; Limit AHDL Integers to 32 Bits                                                  ; Off                ; Off                ;
; Optimization Technique                                                          ; Balanced           ; Balanced           ;
; Carry Chain Length                                                              ; 70                 ; 70                 ;
; Auto Carry Chains                                                               ; On                 ; On                 ;
; Auto Open-Drain Pins                                                            ; On                 ; On                 ;
; Perform WYSIWYG Primitive Resynthesis                                           ; Off                ; Off                ;
; Auto ROM Replacement                                                            ; On                 ; On                 ;
; Auto RAM Replacement                                                            ; On                 ; On                 ;
; Auto DSP Block Replacement                                                      ; On                 ; On                 ;
; Auto Shift Register Replacement                                                 ; Auto               ; Auto               ;
; Allow Shift Register Merging across Hierarchies                                 ; Auto               ; Auto               ;
; Auto Clock Enable Replacement                                                   ; On                 ; On                 ;
; Strict RAM Replacement                                                          ; Off                ; Off                ;
; Allow Synchronous Control Signals                                               ; On                 ; On                 ;
; Force Use of Synchronous Clear Signals                                          ; Off                ; Off                ;
; Auto Resource Sharing                                                           ; Off                ; Off                ;
; Allow Any RAM Size For Recognition                                              ; Off                ; Off                ;
; Allow Any ROM Size For Recognition                                              ; Off                ; Off                ;
; Allow Any Shift Register Size For Recognition                                   ; Off                ; Off                ;
; Use LogicLock Constraints during Resource Balancing                             ; On                 ; On                 ;
; Ignore translate_off and synthesis_off directives                               ; Off                ; Off                ;
; Timing-Driven Synthesis                                                         ; On                 ; On                 ;
; Report Parameter Settings                                                       ; On                 ; On                 ;
; Report Source Assignments                                                       ; On                 ; On                 ;
; Report Connectivity Checks                                                      ; On                 ; On                 ;
; Ignore Maximum Fan-Out Assignments                                              ; Off                ; Off                ;
; Synchronization Register Chain Length                                           ; 3                  ; 3                  ;
; Power Optimization During Synthesis                                             ; Normal compilation ; Normal compilation ;
; HDL message level                                                               ; Level2             ; Level2             ;
; Suppress Register Optimization Related Messages                                 ; Off                ; Off                ;
; Number of Removed Registers Reported in Synthesis Report                        ; 5000               ; 5000               ;
; Number of Swept Nodes Reported in Synthesis Report                              ; 5000               ; 5000               ;
; Number of Inverted Registers Reported in Synthesis Report                       ; 100                ; 100                ;
; Clock MUX Protection                                                            ; On                 ; On                 ;
; Auto Gated Clock Conversion                                                     ; Off                ; Off                ;
; Block Design Naming                                                             ; Auto               ; Auto               ;
; SDC constraint protection                                                       ; Off                ; Off                ;
; Synthesis Effort                                                                ; Auto               ; Auto               ;
; Shift Register Replacement - Allow Asynchronous Clear Signal                    ; On                 ; On                 ;
; Pre-Mapping Resynthesis Optimization                                            ; Off                ; Off                ;
; Analysis & Synthesis Message Level                                              ; Medium             ; Medium             ;
; Disable Register Merging Across Hierarchies                                     ; Auto               ; Auto               ;
; Resource Aware Inference For Block RAM                                          ; On                 ; On                 ;
; Automatic Parallel Synthesis                                                    ; On                 ; On                 ;
; Partial Reconfiguration Bitstream ID                                            ; Off                ; Off                ;
+---------------------------------------------------------------------------------+--------------------+--------------------+


+------------------------------------------+
; Parallel Compilation                     ;
+----------------------------+-------------+
; Processors                 ; Number      ;
+----------------------------+-------------+
; Number detected on machine ; 16          ;
; Maximum allowed            ; 8           ;
;                            ;             ;
; Average used               ; 1.00        ;
; Maximum used               ; 1           ;
;                            ;             ;
; Usage by Processor         ; % Time Used ;
;     Processor 1            ; 100.0%      ;
+----------------------------+-------------+


+-----------------------------------------------------------------------------------------------------------------------------------------------------------------------+
; Analysis & Synthesis Source Files Read                                                                                                                                ;
+----------------------------------+-----------------+-----------------+--------------------------------------------------------------------------------------+---------+
; File Name with User-Entered Path ; Used in Netlist ; File Type       ; File Name with Absolute Path                                                         ; Library ;
+----------------------------------+-----------------+-----------------+--------------------------------------------------------------------------------------+---------+
; Bent_Kurg_Adder.vhd              ; yes             ; User VHDL File  ; E:/M.tech/IITB/Sem_1/EE 671 VLSI Design/Assignments/Assignment 3/Bent_Kurg_Adder.vhd ;         ;
+----------------------------------+-----------------+-----------------+--------------------------------------------------------------------------------------+---------+


+----------------------------------------------------------------------------+
; Analysis & Synthesis Resource Usage Summary                                ;
+---------------------------------------------+------------------------------+
; Resource                                    ; Usage                        ;
+---------------------------------------------+------------------------------+
; Estimate of Logic utilization (ALMs needed) ; 51                           ;
;                                             ;                              ;
; Combinational ALUT usage for logic          ; 84                           ;
;     -- 7 input functions                    ; 0                            ;
;     -- 6 input functions                    ; 17                           ;
;     -- 5 input functions                    ; 14                           ;
;     -- 4 input functions                    ; 21                           ;
;     -- <=3 input functions                  ; 32                           ;
;                                             ;                              ;
; Dedicated logic registers                   ; 0                            ;
;                                             ;                              ;
; I/O pins                                    ; 98                           ;
;                                             ;                              ;
; Total DSP Blocks                            ; 0                            ;
;                                             ;                              ;
; Maximum fan-out node                        ; abcgate:\order_5:0:G_5|abc~0 ;
; Maximum fan-out                             ; 6                            ;
; Total fan-out                               ; 457                          ;
; Average fan-out                             ; 1.63                         ;
+---------------------------------------------+------------------------------+


+----------------------------------------------------------------------------------------------------------------------------------------------------------------------------------------------------------------+
; Analysis & Synthesis Resource Utilization by Entity                                                                                                                                                            ;
+---------------------------------+---------------------+---------------------------+-------------------+------------+------+--------------+----------------------------------------+-------------+--------------+
; Compilation Hierarchy Node      ; Combinational ALUTs ; Dedicated Logic Registers ; Block Memory Bits ; DSP Blocks ; Pins ; Virtual Pins ; Full Hierarchy Name                    ; Entity Name ; Library Name ;
+---------------------------------+---------------------+---------------------------+-------------------+------------+------+--------------+----------------------------------------+-------------+--------------+
; |brent_kung                     ; 84 (0)              ; 0 (0)                     ; 0                 ; 0          ; 98   ; 0            ; |brent_kung                            ; brent_kung  ; work         ;
;    |abcgate:\order_2:0:G_2|     ; 1 (1)               ; 0 (0)                     ; 0                 ; 0          ; 0    ; 0            ; |brent_kung|abcgate:\order_2:0:G_2     ; abcgate     ; work         ;
;    |abcgate:\order_3:0:G_3|     ; 2 (2)               ; 0 (0)                     ; 0                 ; 0          ; 0    ; 0            ; |brent_kung|abcgate:\order_3:0:G_3     ; abcgate     ; work         ;
;    |abcgate:\order_3:2:G_3|     ; 1 (1)               ; 0 (0)                     ; 0                 ; 0          ; 0    ; 0            ; |brent_kung|abcgate:\order_3:2:G_3     ; abcgate     ; work         ;
;    |abcgate:\order_3:4:G_3|     ; 1 (1)               ; 0 (0)                     ; 0                 ; 0          ; 0    ; 0            ; |brent_kung|abcgate:\order_3:4:G_3     ; abcgate     ; work         ;
;    |abcgate:\order_3:5:G_3|     ; 1 (1)               ; 0 (0)                     ; 0                 ; 0          ; 0    ; 0            ; |brent_kung|abcgate:\order_3:5:G_3     ; abcgate     ; work         ;
;    |abcgate:\order_3:6:G_3|     ; 1 (1)               ; 0 (0)                     ; 0                 ; 0          ; 0    ; 0            ; |brent_kung|abcgate:\order_3:6:G_3     ; abcgate     ; work         ;
;    |abcgate:\order_4:0:G_4|     ; 1 (1)               ; 0 (0)                     ; 0                 ; 0          ; 0    ; 0            ; |brent_kung|abcgate:\order_4:0:G_4     ; abcgate     ; work         ;
;    |abcgate:\order_4:2:G_4|     ; 1 (1)               ; 0 (0)                     ; 0                 ; 0          ; 0    ; 0            ; |brent_kung|abcgate:\order_4:2:G_4     ; abcgate     ; work         ;
;    |abcgate:\order_5:0:G_5|     ; 1 (1)               ; 0 (0)                     ; 0                 ; 0          ; 0    ; 0            ; |brent_kung|abcgate:\order_5:0:G_5     ; abcgate     ; work         ;
;    |abcgate:order_6_G_5|        ; 1 (1)               ; 0 (0)                     ; 0                 ; 0          ; 0    ; 0            ; |brent_kung|abcgate:order_6_G_5        ; abcgate     ; work         ;
;    |abcgate:temp_c_10|          ; 1 (1)               ; 0 (0)                     ; 0                 ; 0          ; 0    ; 0            ; |brent_kung|abcgate:temp_c_10          ; abcgate     ; work         ;
;    |abcgate:temp_c_12|          ; 3 (3)               ; 0 (0)                     ; 0                 ; 0          ; 0    ; 0            ; |brent_kung|abcgate:temp_c_12          ; abcgate     ; work         ;
;    |abcgate:temp_c_14|          ; 2 (2)               ; 0 (0)                     ; 0                 ; 0          ; 0    ; 0            ; |brent_kung|abcgate:temp_c_14          ; abcgate     ; work         ;
;    |abcgate:temp_c_18|          ; 2 (2)               ; 0 (0)                     ; 0                 ; 0          ; 0    ; 0            ; |brent_kung|abcgate:temp_c_18          ; abcgate     ; work         ;
;    |abcgate:temp_c_20|          ; 1 (1)               ; 0 (0)                     ; 0                 ; 0          ; 0    ; 0            ; |brent_kung|abcgate:temp_c_20          ; abcgate     ; work         ;
;    |abcgate:temp_c_21|          ; 1 (1)               ; 0 (0)                     ; 0                 ; 0          ; 0    ; 0            ; |brent_kung|abcgate:temp_c_21          ; abcgate     ; work         ;
;    |abcgate:temp_c_22|          ; 1 (1)               ; 0 (0)                     ; 0                 ; 0          ; 0    ; 0            ; |brent_kung|abcgate:temp_c_22          ; abcgate     ; work         ;
;    |abcgate:temp_c_24|          ; 3 (3)               ; 0 (0)                     ; 0                 ; 0          ; 0    ; 0            ; |brent_kung|abcgate:temp_c_24          ; abcgate     ; work         ;
;    |abcgate:temp_c_26|          ; 1 (1)               ; 0 (0)                     ; 0                 ; 0          ; 0    ; 0            ; |brent_kung|abcgate:temp_c_26          ; abcgate     ; work         ;
;    |abcgate:temp_c_28|          ; 2 (2)               ; 0 (0)                     ; 0                 ; 0          ; 0    ; 0            ; |brent_kung|abcgate:temp_c_28          ; abcgate     ; work         ;
;    |abcgate:temp_c_29|          ; 1 (1)               ; 0 (0)                     ; 0                 ; 0          ; 0    ; 0            ; |brent_kung|abcgate:temp_c_29          ; abcgate     ; work         ;
;    |abcgate:temp_c_30|          ; 2 (2)               ; 0 (0)                     ; 0                 ; 0          ; 0    ; 0            ; |brent_kung|abcgate:temp_c_30          ; abcgate     ; work         ;
;    |abcgate:temp_c_6|           ; 3 (3)               ; 0 (0)                     ; 0                 ; 0          ; 0    ; 0            ; |brent_kung|abcgate:temp_c_6           ; abcgate     ; work         ;
;    |xorgate:\order_1:12:P_1|    ; 1 (1)               ; 0 (0)                     ; 0                 ; 0          ; 0    ; 0            ; |brent_kung|xorgate:\order_1:12:P_1    ; xorgate     ; work         ;
;    |xorgate:\order_1:13:P_1|    ; 1 (1)               ; 0 (0)                     ; 0                 ; 0          ; 0    ; 0            ; |brent_kung|xorgate:\order_1:13:P_1    ; xorgate     ; work         ;
;    |xorgate:\order_1:16:P_1|    ; 1 (1)               ; 0 (0)                     ; 0                 ; 0          ; 0    ; 0            ; |brent_kung|xorgate:\order_1:16:P_1    ; xorgate     ; work         ;
;    |xorgate:\order_1:17:P_1|    ; 1 (1)               ; 0 (0)                     ; 0                 ; 0          ; 0    ; 0            ; |brent_kung|xorgate:\order_1:17:P_1    ; xorgate     ; work         ;
;    |xorgate:\order_1:20:P_1|    ; 1 (1)               ; 0 (0)                     ; 0                 ; 0          ; 0    ; 0            ; |brent_kung|xorgate:\order_1:20:P_1    ; xorgate     ; work         ;
;    |xorgate:\order_1:21:P_1|    ; 1 (1)               ; 0 (0)                     ; 0                 ; 0          ; 0    ; 0            ; |brent_kung|xorgate:\order_1:21:P_1    ; xorgate     ; work         ;
;    |xorgate:\order_1:23:P_1|    ; 1 (1)               ; 0 (0)                     ; 0                 ; 0          ; 0    ; 0            ; |brent_kung|xorgate:\order_1:23:P_1    ; xorgate     ; work         ;
;    |xorgate:\order_1:24:P_1|    ; 1 (1)               ; 0 (0)                     ; 0                 ; 0          ; 0    ; 0            ; |brent_kung|xorgate:\order_1:24:P_1    ; xorgate     ; work         ;
;    |xorgate:\order_1:25:P_1|    ; 1 (1)               ; 0 (0)                     ; 0                 ; 0          ; 0    ; 0            ; |brent_kung|xorgate:\order_1:25:P_1    ; xorgate     ; work         ;
;    |xorgate:\order_1:26:P_1|    ; 1 (1)               ; 0 (0)                     ; 0                 ; 0          ; 0    ; 0            ; |brent_kung|xorgate:\order_1:26:P_1    ; xorgate     ; work         ;
;    |xorgate:\order_1:28:P_1|    ; 1 (1)               ; 0 (0)                     ; 0                 ; 0          ; 0    ; 0            ; |brent_kung|xorgate:\order_1:28:P_1    ; xorgate     ; work         ;
;    |xorgate:\order_1:29:P_1|    ; 1 (1)               ; 0 (0)                     ; 0                 ; 0          ; 0    ; 0            ; |brent_kung|xorgate:\order_1:29:P_1    ; xorgate     ; work         ;
;    |xorgate:\order_1:2:P_1|     ; 1 (1)               ; 0 (0)                     ; 0                 ; 0          ; 0    ; 0            ; |brent_kung|xorgate:\order_1:2:P_1     ; xorgate     ; work         ;
;    |xorgate:\order_1:31:P_1|    ; 1 (1)               ; 0 (0)                     ; 0                 ; 0          ; 0    ; 0            ; |brent_kung|xorgate:\order_1:31:P_1    ; xorgate     ; work         ;
;    |xorgate:\order_1:3:P_1|     ; 1 (1)               ; 0 (0)                     ; 0                 ; 0          ; 0    ; 0            ; |brent_kung|xorgate:\order_1:3:P_1     ; xorgate     ; work         ;
;    |xorgate:\order_1:4:P_1|     ; 1 (1)               ; 0 (0)                     ; 0                 ; 0          ; 0    ; 0            ; |brent_kung|xorgate:\order_1:4:P_1     ; xorgate     ; work         ;
;    |xorgate:\order_1:5:P_1|     ; 1 (1)               ; 0 (0)                     ; 0                 ; 0          ; 0    ; 0            ; |brent_kung|xorgate:\order_1:5:P_1     ; xorgate     ; work         ;
;    |xorgate:\order_1:8:P_1|     ; 1 (1)               ; 0 (0)                     ; 0                 ; 0          ; 0    ; 0            ; |brent_kung|xorgate:\order_1:8:P_1     ; xorgate     ; work         ;
;    |xorgate:\sum_out:0:sum_is|  ; 1 (1)               ; 0 (0)                     ; 0                 ; 0          ; 0    ; 0            ; |brent_kung|xorgate:\sum_out:0:sum_is  ; xorgate     ; work         ;
;    |xorgate:\sum_out:10:sum_is| ; 1 (1)               ; 0 (0)                     ; 0                 ; 0          ; 0    ; 0            ; |brent_kung|xorgate:\sum_out:10:sum_is ; xorgate     ; work         ;
;    |xorgate:\sum_out:11:sum_is| ; 1 (1)               ; 0 (0)                     ; 0                 ; 0          ; 0    ; 0            ; |brent_kung|xorgate:\sum_out:11:sum_is ; xorgate     ; work         ;
;    |xorgate:\sum_out:12:sum_is| ; 1 (1)               ; 0 (0)                     ; 0                 ; 0          ; 0    ; 0            ; |brent_kung|xorgate:\sum_out:12:sum_is ; xorgate     ; work         ;
;    |xorgate:\sum_out:13:sum_is| ; 1 (1)               ; 0 (0)                     ; 0                 ; 0          ; 0    ; 0            ; |brent_kung|xorgate:\sum_out:13:sum_is ; xorgate     ; work         ;
;    |xorgate:\sum_out:14:sum_is| ; 1 (1)               ; 0 (0)                     ; 0                 ; 0          ; 0    ; 0            ; |brent_kung|xorgate:\sum_out:14:sum_is ; xorgate     ; work         ;
;    |xorgate:\sum_out:15:sum_is| ; 1 (1)               ; 0 (0)                     ; 0                 ; 0          ; 0    ; 0            ; |brent_kung|xorgate:\sum_out:15:sum_is ; xorgate     ; work         ;
;    |xorgate:\sum_out:16:sum_is| ; 1 (1)               ; 0 (0)                     ; 0                 ; 0          ; 0    ; 0            ; |brent_kung|xorgate:\sum_out:16:sum_is ; xorgate     ; work         ;
;    |xorgate:\sum_out:17:sum_is| ; 1 (1)               ; 0 (0)                     ; 0                 ; 0          ; 0    ; 0            ; |brent_kung|xorgate:\sum_out:17:sum_is ; xorgate     ; work         ;
;    |xorgate:\sum_out:18:sum_is| ; 1 (1)               ; 0 (0)                     ; 0                 ; 0          ; 0    ; 0            ; |brent_kung|xorgate:\sum_out:18:sum_is ; xorgate     ; work         ;
;    |xorgate:\sum_out:19:sum_is| ; 1 (1)               ; 0 (0)                     ; 0                 ; 0          ; 0    ; 0            ; |brent_kung|xorgate:\sum_out:19:sum_is ; xorgate     ; work         ;
;    |xorgate:\sum_out:1:sum_is|  ; 1 (1)               ; 0 (0)                     ; 0                 ; 0          ; 0    ; 0            ; |brent_kung|xorgate:\sum_out:1:sum_is  ; xorgate     ; work         ;
;    |xorgate:\sum_out:20:sum_is| ; 1 (1)               ; 0 (0)                     ; 0                 ; 0          ; 0    ; 0            ; |brent_kung|xorgate:\sum_out:20:sum_is ; xorgate     ; work         ;
;    |xorgate:\sum_out:21:sum_is| ; 1 (1)               ; 0 (0)                     ; 0                 ; 0          ; 0    ; 0            ; |brent_kung|xorgate:\sum_out:21:sum_is ; xorgate     ; work         ;
;    |xorgate:\sum_out:22:sum_is| ; 1 (1)               ; 0 (0)                     ; 0                 ; 0          ; 0    ; 0            ; |brent_kung|xorgate:\sum_out:22:sum_is ; xorgate     ; work         ;
;    |xorgate:\sum_out:23:sum_is| ; 1 (1)               ; 0 (0)                     ; 0                 ; 0          ; 0    ; 0            ; |brent_kung|xorgate:\sum_out:23:sum_is ; xorgate     ; work         ;
;    |xorgate:\sum_out:24:sum_is| ; 1 (1)               ; 0 (0)                     ; 0                 ; 0          ; 0    ; 0            ; |brent_kung|xorgate:\sum_out:24:sum_is ; xorgate     ; work         ;
;    |xorgate:\sum_out:25:sum_is| ; 1 (1)               ; 0 (0)                     ; 0                 ; 0          ; 0    ; 0            ; |brent_kung|xorgate:\sum_out:25:sum_is ; xorgate     ; work         ;
;    |xorgate:\sum_out:26:sum_is| ; 1 (1)               ; 0 (0)                     ; 0                 ; 0          ; 0    ; 0            ; |brent_kung|xorgate:\sum_out:26:sum_is ; xorgate     ; work         ;
;    |xorgate:\sum_out:27:sum_is| ; 1 (1)               ; 0 (0)                     ; 0                 ; 0          ; 0    ; 0            ; |brent_kung|xorgate:\sum_out:27:sum_is ; xorgate     ; work         ;
;    |xorgate:\sum_out:28:sum_is| ; 1 (1)               ; 0 (0)                     ; 0                 ; 0          ; 0    ; 0            ; |brent_kung|xorgate:\sum_out:28:sum_is ; xorgate     ; work         ;
;    |xorgate:\sum_out:29:sum_is| ; 1 (1)               ; 0 (0)                     ; 0                 ; 0          ; 0    ; 0            ; |brent_kung|xorgate:\sum_out:29:sum_is ; xorgate     ; work         ;
;    |xorgate:\sum_out:2:sum_is|  ; 1 (1)               ; 0 (0)                     ; 0                 ; 0          ; 0    ; 0            ; |brent_kung|xorgate:\sum_out:2:sum_is  ; xorgate     ; work         ;
;    |xorgate:\sum_out:30:sum_is| ; 1 (1)               ; 0 (0)                     ; 0                 ; 0          ; 0    ; 0            ; |brent_kung|xorgate:\sum_out:30:sum_is ; xorgate     ; work         ;
;    |xorgate:\sum_out:31:sum_is| ; 1 (1)               ; 0 (0)                     ; 0                 ; 0          ; 0    ; 0            ; |brent_kung|xorgate:\sum_out:31:sum_is ; xorgate     ; work         ;
;    |xorgate:\sum_out:3:sum_is|  ; 1 (1)               ; 0 (0)                     ; 0                 ; 0          ; 0    ; 0            ; |brent_kung|xorgate:\sum_out:3:sum_is  ; xorgate     ; work         ;
;    |xorgate:\sum_out:4:sum_is|  ; 1 (1)               ; 0 (0)                     ; 0                 ; 0          ; 0    ; 0            ; |brent_kung|xorgate:\sum_out:4:sum_is  ; xorgate     ; work         ;
;    |xorgate:\sum_out:5:sum_is|  ; 1 (1)               ; 0 (0)                     ; 0                 ; 0          ; 0    ; 0            ; |brent_kung|xorgate:\sum_out:5:sum_is  ; xorgate     ; work         ;
;    |xorgate:\sum_out:6:sum_is|  ; 1 (1)               ; 0 (0)                     ; 0                 ; 0          ; 0    ; 0            ; |brent_kung|xorgate:\sum_out:6:sum_is  ; xorgate     ; work         ;
;    |xorgate:\sum_out:7:sum_is|  ; 1 (1)               ; 0 (0)                     ; 0                 ; 0          ; 0    ; 0            ; |brent_kung|xorgate:\sum_out:7:sum_is  ; xorgate     ; work         ;
;    |xorgate:\sum_out:8:sum_is|  ; 1 (1)               ; 0 (0)                     ; 0                 ; 0          ; 0    ; 0            ; |brent_kung|xorgate:\sum_out:8:sum_is  ; xorgate     ; work         ;
;    |xorgate:\sum_out:9:sum_is|  ; 1 (1)               ; 0 (0)                     ; 0                 ; 0          ; 0    ; 0            ; |brent_kung|xorgate:\sum_out:9:sum_is  ; xorgate     ; work         ;
+---------------------------------+---------------------+---------------------------+-------------------+------------+------+--------------+----------------------------------------+-------------+--------------+
Note: For table entries with two numbers listed, the numbers in parentheses indicate the number of resources of the given type used by the specific entity alone. The numbers listed outside of parentheses indicate the total resources of the given type used by the specific entity and all of its sub-entities in the hierarchy.


+------------------------------------------------------+
; General Register Statistics                          ;
+----------------------------------------------+-------+
; Statistic                                    ; Value ;
+----------------------------------------------+-------+
; Total registers                              ; 0     ;
; Number of registers using Synchronous Clear  ; 0     ;
; Number of registers using Synchronous Load   ; 0     ;
; Number of registers using Asynchronous Clear ; 0     ;
; Number of registers using Asynchronous Load  ; 0     ;
; Number of registers using Clock Enable       ; 0     ;
; Number of registers using Preset             ; 0     ;
+----------------------------------------------+-------+


+----------------------------------------------------------------------------------------------------------------+
; Port Connectivity Checks: "andgate:order_6_P_5"                                                                ;
+------+--------+----------+-------------------------------------------------------------------------------------+
; Port ; Type   ; Severity ; Details                                                                             ;
+------+--------+----------+-------------------------------------------------------------------------------------+
; prod ; Output ; Info     ; Connected to dangling logic. Logic that only feeds a dangling port will be removed. ;
+------+--------+----------+-------------------------------------------------------------------------------------+


+-----------------------------------------------------+
; Post-Synthesis Netlist Statistics for Top Partition ;
+-----------------------+-----------------------------+
; Type                  ; Count                       ;
+-----------------------+-----------------------------+
; arriav_lcell_comb     ; 84                          ;
;     normal            ; 84                          ;
;         2 data inputs ; 26                          ;
;         3 data inputs ; 6                           ;
;         4 data inputs ; 21                          ;
;         5 data inputs ; 14                          ;
;         6 data inputs ; 17                          ;
; boundary_port         ; 98                          ;
;                       ;                             ;
; Max LUT depth         ; 9.00                        ;
; Average LUT depth     ; 6.26                        ;
+-----------------------+-----------------------------+


+-------------------------------+
; Elapsed Time Per Partition    ;
+----------------+--------------+
; Partition Name ; Elapsed Time ;
+----------------+--------------+
; Top            ; 00:00:00     ;
+----------------+--------------+


+-------------------------------+
; Analysis & Synthesis Messages ;
+-------------------------------+
Info: *******************************************************************
Info: Running Quartus Prime Analysis & Synthesis
    Info: Version 18.1.0 Build 625 09/12/2018 SJ Lite Edition
    Info: Processing started: Thu Nov 09 21:39:43 2023
Info: Command: quartus_map --read_settings_files=on --write_settings_files=off Bent_Kurg_Adder -c Bent_Kurg_Adder
Warning (18236): Number of processors has not been specified which may cause overloading on shared machines.  Set the global assignment NUM_PARALLEL_PROCESSORS in your QSF to an appropriate value for best performance.
Info (20030): Parallel compilation is enabled and will use 8 of the 8 processors detected
Info (12021): Found 2 design units, including 1 entities, in source file testbench_org.vhdl
    Info (12022): Found design unit 1: Testbench-Behave File: E:/M.tech/IITB/Sem_1/EE 671 VLSI Design/Assignments/Assignment 3/testbench_org.vhdl Line: 9
    Info (12023): Found entity 1: Testbench File: E:/M.tech/IITB/Sem_1/EE 671 VLSI Design/Assignments/Assignment 3/testbench_org.vhdl Line: 7
Info (12021): Found 2 design units, including 1 entities, in source file dut.vhdl
    Info (12022): Found design unit 1: DUT-DutWrap File: E:/M.tech/IITB/Sem_1/EE 671 VLSI Design/Assignments/Assignment 3/DUT.vhdl Line: 9
    Info (12023): Found entity 1: DUT File: E:/M.tech/IITB/Sem_1/EE 671 VLSI Design/Assignments/Assignment 3/DUT.vhdl Line: 4
Info (12021): Found 10 design units, including 5 entities, in source file bent_kurg_adder.vhd
    Info (12022): Found design unit 1: andgate-trivial File: E:/M.tech/IITB/Sem_1/EE 671 VLSI Design/Assignments/Assignment 3/Bent_Kurg_Adder.vhd Line: 9
    Info (12022): Found design unit 2: xorgate-trivial File: E:/M.tech/IITB/Sem_1/EE 671 VLSI Design/Assignments/Assignment 3/Bent_Kurg_Adder.vhd Line: 20
    Info (12022): Found design unit 3: abcgate-trivial File: E:/M.tech/IITB/Sem_1/EE 671 VLSI Design/Assignments/Assignment 3/Bent_Kurg_Adder.vhd Line: 31
    Info (12022): Found design unit 4: Cin_map_G-trivial File: E:/M.tech/IITB/Sem_1/EE 671 VLSI Design/Assignments/Assignment 3/Bent_Kurg_Adder.vhd Line: 45
    Info (12022): Found design unit 5: brent_kung-rtl File: E:/M.tech/IITB/Sem_1/EE 671 VLSI Design/Assignments/Assignment 3/Bent_Kurg_Adder.vhd Line: 65
    Info (12023): Found entity 1: andgate File: E:/M.tech/IITB/Sem_1/EE 671 VLSI Design/Assignments/Assignment 3/Bent_Kurg_Adder.vhd Line: 5
    Info (12023): Found entity 2: xorgate File: E:/M.tech/IITB/Sem_1/EE 671 VLSI Design/Assignments/Assignment 3/Bent_Kurg_Adder.vhd Line: 16
    Info (12023): Found entity 3: abcgate File: E:/M.tech/IITB/Sem_1/EE 671 VLSI Design/Assignments/Assignment 3/Bent_Kurg_Adder.vhd Line: 27
    Info (12023): Found entity 4: Cin_map_G File: E:/M.tech/IITB/Sem_1/EE 671 VLSI Design/Assignments/Assignment 3/Bent_Kurg_Adder.vhd Line: 41
    Info (12023): Found entity 5: brent_kung File: E:/M.tech/IITB/Sem_1/EE 671 VLSI Design/Assignments/Assignment 3/Bent_Kurg_Adder.vhd Line: 58
Info (12021): Found 2 design units, including 1 entities, in source file tb_brent_kung.vhd
    Info (12022): Found design unit 1: tb_test-tb_rtl File: E:/M.tech/IITB/Sem_1/EE 671 VLSI Design/Assignments/Assignment 3/tb_brent_kung.vhd Line: 11
    Info (12023): Found entity 1: tb_test File: E:/M.tech/IITB/Sem_1/EE 671 VLSI Design/Assignments/Assignment 3/tb_brent_kung.vhd Line: 8
Info (12127): Elaborating entity "brent_kung" for the top level hierarchy
Warning (10036): Verilog HDL or VHDL warning at Bent_Kurg_Adder.vhd(92): object "p6" assigned a value but never read File: E:/M.tech/IITB/Sem_1/EE 671 VLSI Design/Assignments/Assignment 3/Bent_Kurg_Adder.vhd Line: 92
Info (12128): Elaborating entity "Cin_map_G" for hierarchy "Cin_map_G:\order_1:0:if_gen:G_1_0" File: E:/M.tech/IITB/Sem_1/EE 671 VLSI Design/Assignments/Assignment 3/Bent_Kurg_Adder.vhd Line: 105
Info (12128): Elaborating entity "xorgate" for hierarchy "xorgate:\order_1:0:P_1" File: E:/M.tech/IITB/Sem_1/EE 671 VLSI Design/Assignments/Assignment 3/Bent_Kurg_Adder.vhd Line: 111
Info (12128): Elaborating entity "andgate" for hierarchy "andgate:\order_1:1:if_gen2:G_1" File: E:/M.tech/IITB/Sem_1/EE 671 VLSI Design/Assignments/Assignment 3/Bent_Kurg_Adder.vhd Line: 108
Info (12128): Elaborating entity "abcgate" for hierarchy "abcgate:\order_2:0:G_2" File: E:/M.tech/IITB/Sem_1/EE 671 VLSI Design/Assignments/Assignment 3/Bent_Kurg_Adder.vhd Line: 117
Info (286030): Timing-Driven Synthesis is running
Info (16010): Generating hard_block partition "hard_block:auto_generated_inst"
    Info (16011): Adding 0 node(s), including 0 DDIO, 0 PLL, 0 transceiver and 0 LCELL
Info (21057): Implemented 182 device resources after synthesis - the final resource count might be different
    Info (21058): Implemented 65 input pins
    Info (21059): Implemented 33 output pins
    Info (21061): Implemented 84 logic cells
Info: Quartus Prime Analysis & Synthesis was successful. 0 errors, 2 warnings
    Info: Peak virtual memory: 4858 megabytes
    Info: Processing ended: Thu Nov 09 21:39:51 2023
    Info: Elapsed time: 00:00:08
    Info: Total CPU time (on all processors): 00:00:05


